<?xml version="1.0" encoding="UTF-8"?>
<!-- Generated by org.testng.reporters.JUnitReportReporter -->
<testsuite hostname="DESKTOP-IDB0L5G" failures="0" tests="2" name="ui.ExampleTest" time="0.101" errors="0" timestamp="2025-02-04T17:54:26 IST" skipped="0">
  <testcase classname="ui.ExampleTest" name="loginTest" time="0.100"/>
  <system-out/>
  <testcase classname="ui.ExampleTest" name="logoutTest" time="0.001"/>
  <system-out/>
</testsuite> <!-- ui.ExampleTest -->
