<?xml version="1.0" encoding="UTF-8"?>
<!-- Generated by org.testng.reporters.JUnitReportReporter -->
<testsuite hostname="DESKTOP-IDB0L5G" failures="0" tests="4" name="ui.naya" time="0.006" errors="0" timestamp="2025-01-19T15:53:45 IST" skipped="0">
  <testcase classname="ui.naya" name="btest1" time="0.001"/>
  <system-out/>
  <testcase classname="ui.naya" name="btest4" time="0.002"/>
  <system-out/>
  <testcase classname="ui.naya" name="btest3" time="0.002"/>
  <system-out/>
  <testcase classname="ui.naya" name="btest2" time="0.001"/>
  <system-out/>
</testsuite> <!-- ui.naya -->
