<?xml version="1.0" encoding="UTF-8"?>
<!-- Generated by org.testng.reporters.JUnitReportReporter -->
<testsuite hostname="DESKTOP-IDB0L5G" failures="0" tests="8" name="ui.DataProvideraDemoTest" time="0.015" errors="0" timestamp="2025-01-19T16:52:35 IST" skipped="0">
  <testcase classname="ui.DataProvideraDemoTest" name="test" time="0.001"/>
  <system-out/>
  <testcase classname="ui.DataProvideraDemoTest" name="test" time="0.000"/>
  <system-out/>
  <testcase classname="ui.DataProvideraDemoTest" name="test" time="0.001"/>
  <system-out/>
  <testcase classname="ui.DataProvideraDemoTest" name="test" time="0.009"/>
  <system-out/>
  <testcase classname="ui.DataProvideraDemoTest" name="tes1t" time="0.001"/>
  <system-out/>
  <testcase classname="ui.DataProvideraDemoTest" name="tes1t" time="0.001"/>
  <system-out/>
  <testcase classname="ui.DataProvideraDemoTest" name="tes1t" time="0.001"/>
  <system-out/>
  <testcase classname="ui.DataProvideraDemoTest" name="tes1t" time="0.001"/>
  <system-out/>
</testsuite> <!-- ui.DataProvideraDemoTest -->
