<?xml version="1.0" encoding="UTF-8"?>
<!-- Generated by org.testng.reporters.JUnitReportReporter -->
<testsuite hostname="DESKTOP-IDB0L5G" failures="0" tests="4" name="ui.DataProvideraWebsiteTest" time="41.118" errors="0" timestamp="2025-01-19T20:51:09 IST" skipped="0">
  <testcase classname="ui.DataProvideraWebsiteTest" name="test" time="9.050"/>
  <system-out/>
  <testcase classname="ui.DataProvideraWebsiteTest" name="test" time="8.948"/>
  <system-out/>
  <testcase classname="ui.DataProvideraWebsiteTest" name="test" time="9.396"/>
  <system-out/>
  <testcase classname="ui.DataProvideraWebsiteTest" name="test" time="13.724"/>
  <system-out/>
</testsuite> <!-- ui.DataProvideraWebsiteTest -->
