<?xml version="1.0" encoding="UTF-8"?>
<!-- Generated by org.testng.reporters.JUnitReportReporter -->
<testsuite hostname="DESKTOP-IDB0L5G" failures="0" tests="4" name="ui.NewGroup" time="0.012" errors="0" timestamp="2025-01-19T21:35:07 IST" skipped="0">
  <testcase classname="ui.NewGroup" name="btest3" time="0.001"/>
  <system-out/>
  <testcase classname="ui.NewGroup" name="btest4" time="0.001"/>
  <system-out/>
  <testcase classname="ui.NewGroup" name="btest1" time="0.008"/>
  <system-out/>
  <testcase classname="ui.NewGroup" name="btest2" time="0.002"/>
  <system-out/>
</testsuite> <!-- ui.NewGroup -->
