<?xml version="1.0" encoding="UTF-8"?>
<!-- Generated by org.testng.reporters.JUnitReportReporter -->
<testsuite hostname="DESKTOP-IDB0L5G" failures="0" tests="4" name="ui.GroupTests2" time="0.013" errors="0" timestamp="2025-01-19T15:53:45 IST" skipped="0">
  <testcase classname="ui.GroupTests2" name="atest4" time="0.001"/>
  <system-out/>
  <testcase classname="ui.GroupTests2" name="atest3" time="0.001"/>
  <system-out/>
  <testcase classname="ui.GroupTests2" name="atest1" time="0.010"/>
  <system-out/>
  <testcase classname="ui.GroupTests2" name="atest2" time="0.001"/>
  <system-out/>
</testsuite> <!-- ui.GroupTests2 -->
