<?xml version="1.0" encoding="UTF-8"?>
<!-- Generated by org.testng.reporters.JUnitReportReporter -->
<testsuite hostname="DESKTOP-IDB0L5G" failures="0" tests="4" name="ui.GroupTests" time="0.006" errors="0" timestamp="2025-02-04T17:54:26 IST" skipped="0">
  <testcase classname="ui.GroupTests" name="atest2" time="0.002"/>
  <system-out/>
  <testcase classname="ui.GroupTests" name="atest3" time="0.001"/>
  <system-out/>
  <testcase classname="ui.GroupTests" name="atest1" time="0.001"/>
  <system-out/>
  <testcase classname="ui.GroupTests" name="atest4" time="0.002"/>
  <system-out/>
</testsuite> <!-- ui.GroupTests -->
